<?xml version="1.0" encoding="UTF-8"?>
<!-- Generated by org.testng.reporters.JUnitReportReporter -->
<testsuite hostname="DESKTOP-GOO3QV9" name="com.frameworks.pageobjectmodel.FbPOM" tests="1" failures="0" timestamp="18 Feb 2020 06:36:39 GMT" time="57.439" errors="0">
  <testcase name="fb" time="57.439" classname="com.frameworks.pageobjectmodel.FbPOM"/>
</testsuite> <!-- com.frameworks.pageobjectmodel.FbPOM -->
