<?xml version="1.0" encoding="UTF-8"?>
<!-- Generated by org.testng.reporters.JUnitReportReporter -->
<testsuite hostname="DESKTOP-GOO3QV9" name="com.frameworks.pageobjectmodel.GmailPOM" tests="1" failures="0" timestamp="12 Feb 2020 11:37:37 GMT" time="21.687" errors="0">
  <testcase name="gmail" time="21.687" classname="com.frameworks.pageobjectmodel.GmailPOM"/>
</testsuite> <!-- com.frameworks.pageobjectmodel.GmailPOM -->
