<?xml version="1.0" encoding="UTF-8"?>
<!-- Generated by org.testng.reporters.JUnitReportReporter -->
<testsuite hostname="DESKTOP-GOO3QV9" name="com.frameworks.businessscripts.FB" tests="1" failures="0" timestamp="12 Feb 2020 09:32:58 GMT" time="6.632" errors="0">
  <testcase name="fb" time="6.632" classname="com.frameworks.businessscripts.FB"/>
</testsuite> <!-- com.frameworks.businessscripts.FB -->
