<?xml version="1.0" encoding="UTF-8"?>
<!-- Generated by org.testng.reporters.JUnitReportReporter -->
<testsuite hostname="DESKTOP-GOO3QV9" name="com.frameworks.businessscrips.FB" tests="1" failures="0" timestamp="26 Jan 2020 09:20:59 GMT" time="6.334" errors="0">
  <testcase name="fb" time="6.334" classname="com.frameworks.businessscrips.FB"/>
</testsuite> <!-- com.frameworks.businessscrips.FB -->
